[    7192ms] [INFO] %cDownload the React DevTools for a better development experience: https://reactjs.org/link/react-devtools font-weight:bold @ webpack-internal:///(app-pages-browser)/../../node_modules/next/dist/compiled/react-dom/cjs/react-dom.development.js:38559
[    7545ms] [WARNING] [Plausible] Ignoring event because website is running locally @ webpack-internal:///(app-pages-browser)/../../node_modules/plausible-tracker/build/module/lib/request.js:14
[    7547ms] [WARNING] [Plausible] Ignoring event because website is running locally @ webpack-internal:///(app-pages-browser)/../../node_modules/plausible-tracker/build/module/lib/request.js:14
[    7580ms] [WARNING] Warning: Missing `Description` or `aria-describedby={undefined}` for {DialogContent}. @ webpack-internal:///(app-pages-browser)/../../node_modules/@radix-ui/react-dialog/dist/index.mjs:465
[    7582ms] [WARNING] Warning: Missing `Description` or `aria-describedby={undefined}` for {DialogContent}. @ webpack-internal:///(app-pages-browser)/../../node_modules/@radix-ui/react-dialog/dist/index.mjs:465
[    7612ms] [ERROR] Failed to initialize SharedWorker: TypeError: Failed to construct 'URL': Invalid URL
    at initializeWorker (webpack-internal:///(app-pages-browser)/../../packages/common/store/chat.store.ts:149:37)
    at eval (webpack-internal:///(app-pages-browser)/../../packages/common/store/chat.store.ts:767:13) @ webpack-internal:///(app-pages-browser)/../../node_modules/next/dist/client/app-index.js:32
[    7878ms] [WARNING] ../../packages/common/store/chat.store.ts
Critical dependency: Accessing import.meta directly is unsupported (only property access or destructuring is supported) @ webpack-internal:///(app-pages-browser)/../../node_modules/next/dist/client/components/react-dev-overlay/app/hot-reloader-client.js:226
[   10575ms] [LOG] [Fast Refresh] rebuilding @ webpack-internal:///(app-pages-browser)/../../node_modules/next/dist/client/components/react-dev-overlay/app/hot-reloader-client.js:186
[   11958ms] [WARNING] ../../packages/common/store/chat.store.ts
Critical dependency: Accessing import.meta directly is unsupported (only property access or destructuring is supported)

Import trace for requested module:
../../packages/common/store/chat.store.ts
../../packages/common/components/settings-modal.tsx
../../packages/common/components/index.ts @ webpack-internal:///(app-pages-browser)/../../node_modules/next/dist/client/components/react-dev-overlay/app/hot-reloader-client.js:226
[   11970ms] [LOG] [Fast Refresh] done in 1396ms @ webpack-internal:///(app-pages-browser)/../../node_modules/next/dist/client/components/react-dev-overlay/app/hot-reloader-client.js:43
[   12403ms] [ERROR] Failed to load resource: the server responded with a status of 404 (Not Found) @ http://localhost:3000/icon-192x192.png:0
[   12407ms] [WARNING] Error while trying to use the following icon from the Manifest: http://localhost:3000/icon-192x192.png (Download error or resource isn't a valid image) @ http://localhost:3000/chat:0
