[     271ms] [INFO] %cDownload the React DevTools for a better development experience: https://reactjs.org/link/react-devtools font-weight:bold @ webpack-internal:///(app-pages-browser)/../../node_modules/next/dist/compiled/react-dom/cjs/react-dom.development.js:38559
[     584ms] [ERROR] Failed to initialize SharedWorker: TypeError: Failed to construct 'URL': Invalid URL
    at initializeWorker (webpack-internal:///(app-pages-browser)/../../packages/common/store/chat.store.ts:149:37)
    at eval (webpack-internal:///(app-pages-browser)/../../packages/common/store/chat.store.ts:767:13) @ webpack-internal:///(app-pages-browser)/../../node_modules/next/dist/client/app-index.js:32
[     599ms] [WARNING] [Plausible] Ignoring event because website is running locally @ webpack-internal:///(app-pages-browser)/../../node_modules/plausible-tracker/build/module/lib/request.js:14
[     600ms] [WARNING] [Plausible] Ignoring event because website is running locally @ webpack-internal:///(app-pages-browser)/../../node_modules/plausible-tracker/build/module/lib/request.js:14
[     634ms] [WARNING] ../../packages/common/store/chat.store.ts
Critical dependency: Accessing import.meta directly is unsupported (only property access or destructuring is supported) @ webpack-internal:///(app-pages-browser)/../../node_modules/next/dist/client/components/react-dev-overlay/app/hot-reloader-client.js:226
[     681ms] [ERROR] Failed to load resource: the server responded with a status of 404 (Not Found) @ http://localhost:3000/icon-192x192.png:0
[     682ms] [WARNING] Error while trying to use the following icon from the Manifest: http://localhost:3000/icon-192x192.png (Download error or resource isn't a valid image) @ http://localhost:3000/chat:0
[   60760ms] [LOG] threadItems [] @ webpack-internal:///(app-pages-browser)/../../packages/common/components/chat-input/input.tsx:97
[   60760ms] [WARNING] [Plausible] Ignoring event because website is running locally @ webpack-internal:///(app-pages-browser)/../../node_modules/plausible-tracker/build/module/lib/request.js:14
[   61234ms] [LOG] [Fast Refresh] rebuilding @ webpack-internal:///(app-pages-browser)/../../node_modules/next/dist/client/components/react-dev-overlay/app/hot-reloader-client.js:186
[   61587ms] [WARNING] ../../packages/common/store/chat.store.ts
Critical dependency: Accessing import.meta directly is unsupported (only property access or destructuring is supported)

Import trace for requested module:
../../packages/common/store/chat.store.ts
../../packages/common/components/settings-modal.tsx
../../packages/common/components/index.ts @ webpack-internal:///(app-pages-browser)/../../node_modules/next/dist/client/components/react-dev-overlay/app/hot-reloader-client.js:226
[   61599ms] [LOG] [Fast Refresh] done in 365ms @ webpack-internal:///(app-pages-browser)/../../node_modules/next/dist/client/components/react-dev-overlay/app/hot-reloader-client.js:43
[   62924ms] [LOG] updateThreadItem {id: hhfmGhoLoTxMK92O3Oxnp, status: ERROR, error: ENOENT: no such file or directory, open '/Users/az…s/Github/iris/apps/web/apps/web/data/corpus.json', persistToDB: true} @ webpack-internal:///(app-pages-browser)/../../packages/common/store/chat.store.ts:596
[   62926ms] [INFO] Stream completed in 2165.30ms @ webpack-internal:///(app-pages-browser)/../../packages/common/hooks/agent-provider.tsx:270
[   63835ms] [ERROR] Failed to load resource: the server responded with a status of 404 (Not Found) @ http://localhost:3000/icon-192x192.png:0
[   63836ms] [WARNING] Error while trying to use the following icon from the Manifest: http://localhost:3000/icon-192x192.png (Download error or resource isn't a valid image) @ http://localhost:3000/chat/afaa539f-010f-4671-8a52-82cd6f35c4cd:0
[  379252ms] [LOG] [Fast Refresh] rebuilding @ webpack-internal:///(app-pages-browser)/../../node_modules/next/dist/client/components/react-dev-overlay/app/hot-reloader-client.js:186
[  379528ms] [WARNING] ../../packages/common/store/chat.store.ts
Critical dependency: Accessing import.meta directly is unsupported (only property access or destructuring is supported)

Import trace for requested module:
../../packages/common/store/chat.store.ts
../../packages/common/components/settings-modal.tsx
../../packages/common/components/index.ts @ webpack-internal:///(app-pages-browser)/../../node_modules/next/dist/client/components/react-dev-overlay/app/hot-reloader-client.js:226
[  648309ms] [ERROR] WebSocket connection to 'ws://localhost:3000/_next/webpack-hmr' failed:  @ webpack-internal:///(app-pages-browser)/../../node_modules/next/dist/client/components/react-dev-overlay/internal/helpers/use-websocket.js:41
